This is XeTeX, Version 3.141592653-2.6-0.999997 (TeX Live 2025) (preloaded format=xelatex 2025.3.17)  12 JUN 2026 23:44
entering extended mode
 restricted \write18 enabled.
 %&-line parsing enabled.
**ICP.tex
(./ICP.tex
LaTeX2e <2024-11-01> patch level 2
L3 programming layer <2025-01-18>
(e:/Program Files/texlive/2025/texmf-dist/tex/latex/base/article.cls
Document Class: article 2024/06/29 v1.4n Standard LaTeX document class
(e:/Program Files/texlive/2025/texmf-dist/tex/latex/base/size12.clo
File: size12.clo 2024/06/29 v1.4n Standard LaTeX file (size option)
)
\c@part=\count192
\c@section=\count193
\c@subsection=\count194
\c@subsubsection=\count195
\c@paragraph=\count196
\c@subparagraph=\count197
\c@figure=\count198
\c@table=\count199
\abovecaptionskip=\skip49
\belowcaptionskip=\skip50
\bibindent=\dimen141
)
(e:/Program Files/texlive/2025/texmf-dist/tex/latex/amsmath/amsmath.sty
Package: amsmath 2024/11/05 v2.17t AMS math features
\@mathmargin=\skip51

For additional information on amsmath, use the `?' option.
(e:/Program Files/texlive/2025/texmf-dist/tex/latex/amsmath/amstext.sty
Package: amstext 2021/08/26 v2.01 AMS text

(e:/Program Files/texlive/2025/texmf-dist/tex/latex/amsmath/amsgen.sty
File: amsgen.sty 1999/11/30 v2.0 generic functions
\@emptytoks=\toks17
\ex@=\dimen142
))
(e:/Program Files/texlive/2025/texmf-dist/tex/latex/amsmath/amsbsy.sty
Package: amsbsy 1999/11/29 v1.2d Bold Symbols
\pmbraise@=\dimen143
)
(e:/Program Files/texlive/2025/texmf-dist/tex/latex/amsmath/amsopn.sty
Package: amsopn 2022/04/08 v2.04 operator names
)
\inf@bad=\count266
LaTeX Info: Redefining \frac on input line 233.
\uproot@=\count267
\leftroot@=\count268
LaTeX Info: Redefining \overline on input line 398.
LaTeX Info: Redefining \colon on input line 409.
\classnum@=\count269
\DOTSCASE@=\count270
LaTeX Info: Redefining \ldots on input line 495.
LaTeX Info: Redefining \dots on input line 498.
LaTeX Info: Redefining \cdots on input line 619.
\Mathstrutbox@=\box52
\strutbox@=\box53
LaTeX Info: Redefining \big on input line 721.
LaTeX Info: Redefining \Big on input line 722.
LaTeX Info: Redefining \bigg on input line 723.
LaTeX Info: Redefining \Bigg on input line 724.
\big@size=\dimen144
LaTeX Font Info:    Redeclaring font encoding OML on input line 742.
LaTeX Font Info:    Redeclaring font encoding OMS on input line 743.
\macc@depth=\count271
LaTeX Info: Redefining \bmod on input line 904.
LaTeX Info: Redefining \pmod on input line 909.
LaTeX Info: Redefining \smash on input line 939.
LaTeX Info: Redefining \relbar on input line 969.
LaTeX Info: Redefining \Relbar on input line 970.
\c@MaxMatrixCols=\count272
\dotsspace@=\muskip17
\c@parentequation=\count273
\dspbrk@lvl=\count274
\tag@help=\toks18
\row@=\count275
\column@=\count276
\maxfields@=\count277
\andhelp@=\toks19
\eqnshift@=\dimen145
\alignsep@=\dimen146
\tagshift@=\dimen147
\tagwidth@=\dimen148
\totwidth@=\dimen149
\lineht@=\dimen150
\@envbody=\toks20
\multlinegap=\skip52
\multlinetaggap=\skip53
\mathdisplay@stack=\toks21
LaTeX Info: Redefining \[ on input line 2953.
LaTeX Info: Redefining \] on input line 2954.
)
(e:/Program Files/texlive/2025/texmf-dist/tex/latex/amsfonts/amssymb.sty
Package: amssymb 2013/01/14 v3.01 AMS font symbols

(e:/Program Files/texlive/2025/texmf-dist/tex/latex/amsfonts/amsfonts.sty
Package: amsfonts 2013/01/14 v3.01 Basic AMSFonts support
\symAMSa=\mathgroup4
\symAMSb=\mathgroup5
LaTeX Font Info:    Redeclaring math symbol \hbar on input line 98.
LaTeX Font Info:    Overwriting math alphabet `\mathfrak' in version `bold'
(Font)                  U/euf/m/n --> U/euf/b/n on input line 106.
))
(e:/Program Files/texlive/2025/texmf-dist/tex/latex/graphics/graphicx.sty
Package: graphicx 2021/09/16 v1.2d Enhanced LaTeX Graphics (DPC,SPQR)

(e:/Program Files/texlive/2025/texmf-dist/tex/latex/graphics/keyval.sty
Package: keyval 2022/05/29 v1.15 key=value parser (DPC)
\KV@toks@=\toks22
)
(e:/Program Files/texlive/2025/texmf-dist/tex/latex/graphics/graphics.sty
Package: graphics 2024/08/06 v1.4g Standard LaTeX Graphics (DPC,SPQR)

(e:/Program Files/texlive/2025/texmf-dist/tex/latex/graphics/trig.sty
Package: trig 2023/12/02 v1.11 sin cos tan (DPC)
)
(e:/Program Files/texlive/2025/texmf-dist/tex/latex/graphics-cfg/graphics.cfg
File: graphics.cfg 2016/06/04 v1.11 sample graphics configuration
)
Package graphics Info: Driver file: xetex.def on input line 106.

(e:/Program Files/texlive/2025/texmf-dist/tex/latex/graphics-def/xetex.def
File: xetex.def 2022/09/22 v5.0n Graphics/color driver for xetex
))
\Gin@req@height=\dimen151
\Gin@req@width=\dimen152
)
(e:/Program Files/texlive/2025/texmf-dist/tex/latex/geometry/geometry.sty
Package: geometry 2020/01/02 v5.9 Page Geometry

(e:/Program Files/texlive/2025/texmf-dist/tex/generic/iftex/ifvtex.sty
Package: ifvtex 2019/10/25 v1.7 ifvtex legacy package. Use iftex instead.

(e:/Program Files/texlive/2025/texmf-dist/tex/generic/iftex/iftex.sty
Package: iftex 2024/12/12 v1.0g TeX engine tests
))
\Gm@cnth=\count278
\Gm@cntv=\count279
\c@Gm@tempcnt=\count280
\Gm@bindingoffset=\dimen153
\Gm@wd@mp=\dimen154
\Gm@odd@mp=\dimen155
\Gm@even@mp=\dimen156
\Gm@layoutwidth=\dimen157
\Gm@layoutheight=\dimen158
\Gm@layouthoffset=\dimen159
\Gm@layoutvoffset=\dimen160
\Gm@dimlist=\toks23
)
(e:/Program Files/texlive/2025/texmf-dist/tex/latex/float/float.sty
Package: float 2001/11/08 v1.3d Float enhancements (AL)
\c@float@type=\count281
\float@exts=\toks24
\float@box=\box54
\@float@everytoks=\toks25
\@floatcapt=\box55
)
(e:/Program Files/texlive/2025/texmf-dist/tex/latex/booktabs/booktabs.sty
Package: booktabs 2020/01/12 v1.61803398 Publication quality tables
\heavyrulewidth=\dimen161
\lightrulewidth=\dimen162
\cmidrulewidth=\dimen163
\belowrulesep=\dimen164
\belowbottomsep=\dimen165
\aboverulesep=\dimen166
\abovetopsep=\dimen167
\cmidrulesep=\dimen168
\cmidrulekern=\dimen169
\defaultaddspace=\dimen170
\@cmidla=\count282
\@cmidlb=\count283
\@aboverulesep=\dimen171
\@belowrulesep=\dimen172
\@thisruleclass=\count284
\@lastruleclass=\count285
\@thisrulewidth=\dimen173
)
(e:/Program Files/texlive/2025/texmf-dist/tex/latex/xcolor/xcolor.sty
Package: xcolor 2024/09/29 v3.02 LaTeX color extensions (UK)

(e:/Program Files/texlive/2025/texmf-dist/tex/latex/graphics-cfg/color.cfg
File: color.cfg 2016/01/02 v1.6 sample color configuration
)
Package xcolor Info: Driver file: xetex.def on input line 274.

(e:/Program Files/texlive/2025/texmf-dist/tex/latex/graphics/mathcolor.ltx)
Package xcolor Info: Model `cmy' substituted by `cmy0' on input line 1349.
Package xcolor Info: Model `RGB' extended on input line 1365.
Package xcolor Info: Model `HTML' substituted by `rgb' on input line 1367.
Package xcolor Info: Model `Hsb' substituted by `hsb' on input line 1368.
Package xcolor Info: Model `tHsb' substituted by `hsb' on input line 1369.
Package xcolor Info: Model `HSB' substituted by `hsb' on input line 1370.
Package xcolor Info: Model `Gray' substituted by `gray' on input line 1371.
Package xcolor Info: Model `wave' substituted by `hsb' on input line 1372.
)
(e:/Program Files/texlive/2025/texmf-dist/tex/latex/hyperref/hyperref.sty
Package: hyperref 2024-11-05 v7.01l Hypertext links for LaTeX

(e:/Program Files/texlive/2025/texmf-dist/tex/latex/kvsetkeys/kvsetkeys.sty
Package: kvsetkeys 2022-10-05 v1.19 Key value parser (HO)
)
(e:/Program Files/texlive/2025/texmf-dist/tex/generic/kvdefinekeys/kvdefinekeys
.sty
Package: kvdefinekeys 2019-12-19 v1.6 Define keys (HO)
)
(e:/Program Files/texlive/2025/texmf-dist/tex/generic/pdfescape/pdfescape.sty
Package: pdfescape 2019/12/09 v1.15 Implements pdfTeX's escape features (HO)

(e:/Program Files/texlive/2025/texmf-dist/tex/generic/ltxcmds/ltxcmds.sty
Package: ltxcmds 2023-12-04 v1.26 LaTeX kernel commands for general use (HO)
)
(e:/Program Files/texlive/2025/texmf-dist/tex/generic/pdftexcmds/pdftexcmds.sty
Package: pdftexcmds 2020-06-27 v0.33 Utility functions of pdfTeX for LuaTeX (HO
)
(e:/Program Files/texlive/2025/texmf-dist/tex/generic/infwarerr/infwarerr.sty
Package: infwarerr 2019/12/03 v1.5 Providing info/warning/error messages (HO)
)
Package pdftexcmds Info: \pdf@primitive is available.
Package pdftexcmds Info: \pdf@ifprimitive is available.
Package pdftexcmds Info: \pdfdraftmode not found.
)) (e:/Program Files/texlive/2025/texmf-dist/tex/latex/hycolor/hycolor.sty
Package: hycolor 2020-01-27 v1.10 Color options for hyperref/bookmark (HO)
)
(e:/Program Files/texlive/2025/texmf-dist/tex/latex/hyperref/nameref.sty
Package: nameref 2023-11-26 v2.56 Cross-referencing by name of section

(e:/Program Files/texlive/2025/texmf-dist/tex/latex/refcount/refcount.sty
Package: refcount 2019/12/15 v3.6 Data extraction from label references (HO)
)
(e:/Program Files/texlive/2025/texmf-dist/tex/generic/gettitlestring/gettitlest
ring.sty
Package: gettitlestring 2019/12/15 v1.6 Cleanup title references (HO)

(e:/Program Files/texlive/2025/texmf-dist/tex/latex/kvoptions/kvoptions.sty
Package: kvoptions 2022-06-15 v3.15 Key value format for package options (HO)
))
\c@section@level=\count286
)
(e:/Program Files/texlive/2025/texmf-dist/tex/latex/etoolbox/etoolbox.sty
Package: etoolbox 2025/02/11 v2.5l e-TeX tools for LaTeX (JAW)
\etb@tempcnta=\count287
)
(e:/Program Files/texlive/2025/texmf-dist/tex/generic/stringenc/stringenc.sty
Package: stringenc 2019/11/29 v1.12 Convert strings between diff. encodings (HO
)
)
\@linkdim=\dimen174
\Hy@linkcounter=\count288
\Hy@pagecounter=\count289

(e:/Program Files/texlive/2025/texmf-dist/tex/latex/hyperref/pd1enc.def
File: pd1enc.def 2024-11-05 v7.01l Hyperref: PDFDocEncoding definition (HO)
)
(e:/Program Files/texlive/2025/texmf-dist/tex/generic/intcalc/intcalc.sty
Package: intcalc 2019/12/15 v1.3 Expandable calculations with integers (HO)
)
\Hy@SavedSpaceFactor=\count290

(e:/Program Files/texlive/2025/texmf-dist/tex/latex/hyperref/puenc.def
File: puenc.def 2024-11-05 v7.01l Hyperref: PDF Unicode definition (HO)
)
Package hyperref Info: Hyper figures OFF on input line 4157.
Package hyperref Info: Link nesting OFF on input line 4162.
Package hyperref Info: Hyper index ON on input line 4165.
Package hyperref Info: Plain pages OFF on input line 4172.
Package hyperref Info: Backreferencing OFF on input line 4177.
Package hyperref Info: Implicit mode ON; LaTeX internals redefined.
Package hyperref Info: Bookmarks ON on input line 4424.
\c@Hy@tempcnt=\count291

(e:/Program Files/texlive/2025/texmf-dist/tex/latex/url/url.sty
\Urlmuskip=\muskip18
Package: url 2013/09/16  ver 3.4  Verb mode for urls, etc.
)
LaTeX Info: Redefining \url on input line 4763.
\XeTeXLinkMargin=\dimen175

(e:/Program Files/texlive/2025/texmf-dist/tex/generic/bitset/bitset.sty
Package: bitset 2019/12/09 v1.3 Handle bit-vector datatype (HO)

(e:/Program Files/texlive/2025/texmf-dist/tex/generic/bigintcalc/bigintcalc.sty
Package: bigintcalc 2019/12/15 v1.5 Expandable calculations on big integers (HO
)
))
\Fld@menulength=\count292
\Field@Width=\dimen176
\Fld@charsize=\dimen177
Package hyperref Info: Hyper figures OFF on input line 6042.
Package hyperref Info: Link nesting OFF on input line 6047.
Package hyperref Info: Hyper index ON on input line 6050.
Package hyperref Info: backreferencing OFF on input line 6057.
Package hyperref Info: Link coloring OFF on input line 6062.
Package hyperref Info: Link coloring with OCG OFF on input line 6067.
Package hyperref Info: PDF/A mode OFF on input line 6072.
 (e:/Program Files/texlive/2025/texmf-dist/tex/latex/base/atbegshi-ltx.sty
Package: atbegshi-ltx 2021/01/10 v1.0c Emulation of the original atbegshi
package with kernel methods
)
\Hy@abspage=\count293
\c@Item=\count294
\c@Hfootnote=\count295
)
Package hyperref Info: Driver (autodetected): hxetex.

(e:/Program Files/texlive/2025/texmf-dist/tex/latex/hyperref/hxetex.def
File: hxetex.def 2024-11-05 v7.01l Hyperref driver for XeTeX
\pdfm@box=\box56
\c@Hy@AnnotLevel=\count296
\HyField@AnnotCount=\count297
\Fld@listcount=\count298
\c@bookmark@seq@number=\count299

(e:/Program Files/texlive/2025/texmf-dist/tex/latex/rerunfilecheck/rerunfileche
ck.sty
Package: rerunfilecheck 2022-07-10 v1.10 Rerun checks for auxiliary files (HO)

(e:/Program Files/texlive/2025/texmf-dist/tex/latex/base/atveryend-ltx.sty
Package: atveryend-ltx 2020/08/19 v1.0a Emulation of the original atveryend pac
kage
with kernel methods
)
(e:/Program Files/texlive/2025/texmf-dist/tex/generic/uniquecounter/uniquecount
er.sty
Package: uniquecounter 2019/12/15 v1.4 Provide unlimited unique counter (HO)
)
Package uniquecounter Info: New unique counter `rerunfilecheck' on input line 2
85.
)
\Hy@SectionHShift=\skip54
)
(e:/Program Files/texlive/2025/texmf-dist/tex/xelatex/xepersian/xepersian.sty
Package: xepersian 2025/02/02 v25.2.2 (Release Persian Gate) Persian typesettin
g in XeLaTeX

****************************************************
* 
* xepersian package (Persian for LaTeX, using XeTeX engine)
* 
* Description: The package supports Persian
* typesetting, using fonts provided in the
* distribution.
* 
* Copyright (c) 2008--2025 Vafa Khalighi
* Copyright (c) 2018--2020 bidi-tex GitHub Organization
* 
* v25.2.2 (Release Persian Gate), 2025/02/02
* 
* License: LaTeX Project Public License, version
* 1.3c or higher (your choice)
* 
* Location on CTAN: /macros/xetex/latex/xepersian
* 
* Issue tracker: https://github.com/xepersian/xepersian/issues
* 
* Discussions: https://github.com/xepersian/xepersian/discussions
* 
* Primary author of xepersian package: Vafa Khalighi.
* 
****************************************************
(e:/Program Files/texlive/2025/texmf-dist/tex/latex/fontspec/fontspec.sty
(e:/Program Files/texlive/2025/texmf-dist/tex/latex/l3packages/xparse/xparse.st
y (e:/Program Files/texlive/2025/texmf-dist/tex/latex/l3kernel/expl3.sty
Package: expl3 2025-01-18 L3 programming layer (loader) 

(e:/Program Files/texlive/2025/texmf-dist/tex/latex/l3backend/l3backend-xetex.d
ef
File: l3backend-xetex.def 2024-05-08 L3 backend support: XeTeX
\g__graphics_track_int=\count300
\l__pdf_internal_box=\box57
\g__pdf_backend_annotation_int=\count301
\g__pdf_backend_link_int=\count302
))
Package: xparse 2024-08-16 L3 Experimental document command parser
)
Package: fontspec 2024/05/11 v2.9e Font selection for XeLaTeX and LuaLaTeX

(e:/Program Files/texlive/2025/texmf-dist/tex/latex/fontspec/fontspec-xetex.sty
Package: fontspec-xetex 2024/05/11 v2.9e Font selection for XeLaTeX and LuaLaTe
X
\l__fontspec_script_int=\count303
\l__fontspec_language_int=\count304
\l__fontspec_strnum_int=\count305
\l__fontspec_tmp_int=\count306
\l__fontspec_tmpa_int=\count307
\l__fontspec_tmpb_int=\count308
\l__fontspec_tmpc_int=\count309
\l__fontspec_em_int=\count310
\l__fontspec_emdef_int=\count311
\l__fontspec_strong_int=\count312
\l__fontspec_strongdef_int=\count313
\l__fontspec_tmpa_dim=\dimen178
\l__fontspec_tmpb_dim=\dimen179
\l__fontspec_tmpc_dim=\dimen180
(e:/Program Files/texlive/2025/texmf-dist/tex/latex/base/fontenc.sty
Package: fontenc 2021/04/29 v2.0v Standard LaTeX package
)
(e:/Program Files/texlive/2025/texmf-dist/tex/latex/fontspec/fontspec.cfg)))
(e:/Program Files/texlive/2025/texmf-dist/tex/xelatex/xepersian/xepersian-persi
ancal.sty
Package: xepersian-persiancal 2025/01/01 v0.3 provides Persian calendar
\XePersian@i=\count314
\XePersian@y=\count315
\XePersian@m=\count316
\XePersian@d=\count317
\XePersian@latini=\count318
\XePersian@persiani=\count319
\XePersian@latinii=\count320
\XePersian@persianii=\count321
\XePersian@latiniii=\count322
\XePersian@persianiii=\count323
\XePersian@latiniv=\count324
\XePersian@persianiv=\count325
\XePersian@latinv=\count326
\XePersian@persianv=\count327
\XePersian@latinvi=\count328
\XePersian@persianvi=\count329
\XePersian@latinvii=\count330
\XePersian@persianvii=\count331
\XePersian@latinviii=\count332
\XePersian@persianviii=\count333
\XePersian@latinix=\count334
\XePersian@persianix=\count335
\XePersian@latinx=\count336
\XePersian@persianx=\count337
\XePersian@latinxi=\count338
\XePersian@persianxi=\count339
\XePersian@latinxii=\count340
\XePersian@persianxii=\count341
\XePersian@persianxiii=\count342
\XePersian@temp=\count343
\XePersian@temptwo=\count344
\XePersian@tempthree=\count345
\XePersian@yModHundred=\count346
\XePersian@thirtytwo=\count347
\XePersian@dn=\count348
\XePersian@sn=\count349
\XePersian@mminusone=\count350
)
(e:/Program Files/texlive/2025/texmf-dist/tex/xelatex/xepersian/unicode-persian
math.sty
Package: unicode-persianmath 2025/02/02 v1.2.3 Unicode Persian math
) (e:/Program Files/texlive/2025/texmf-dist/tex/xelatex/bidi/bidi.sty
Package: bidi 2025/02/02 v25.2.2 (Release Maryam Mirzakhani) Bidirectional type
setting in plain TeX and LaTeX

****************************************************
* 
* bidi package (Bidirectional typesetting in
* plain TeX and LaTeX, using XeTeX engine)
* 
* Description: A convenient interface for
* typesetting bidirectional texts in plain TeX
* and LaTeX. The package includes adaptations
* for use with many other commonly-used packages.
* 
* Copyright (c) 2007--2025 Vafa Khalighi
* Copyright (c) 2018--2020 bidi-tex GitHub organization
* 
* v25.2.2 (Release Maryam Mirzakhani), 2025/02/02
* 
* License: LaTeX Project Public License, version
* 1.3c or higher (your choice)
* 
* Location on CTAN: /macros/xetex/latex/bidi
* 
* Issue tracker: https://github.com/xepersian/bidi/issues
* 
* Discussions: https://github.com/xepersian/bidi/discussions
* 
* Primary author of bidi package: Vafa Khalighi.
* 
****************************************************
(e:/Program Files/texlive/2025/texmf-dist/tex/xelatex/bidi/biditools.sty
Package: biditools 2025/02/02 v2.7 Programming tools for bidi package
\@bidi@envbody=\toks26
\@bidi@emptytoks=\toks27
\bidi@poscount=\count351
\bidi@tempcountb=\count352
\bidi@temptoksa=\toks28
\bidi@temptoksb=\toks29
\bidi@dummies=\count353
\bidi@are@these@correct=\toks30
\bidi@toks@lista=\toks31
\bidi@toks@listb=\toks32
\bidi@stack@length=\count354
\bidi@empty@stack=\toks33
\bidi@looprepeat@depth=\count355
)
(e:/Program Files/texlive/2025/texmf-dist/tex/latex/zref/zref-abspage.sty
Package: zref-abspage 2023-09-14 v2.35 Module abspage for zref (HO)

(e:/Program Files/texlive/2025/texmf-dist/tex/latex/zref/zref-base.sty
Package: zref-base 2023-09-14 v2.35 Module base for zref (HO)

(e:/Program Files/texlive/2025/texmf-dist/tex/generic/etexcmds/etexcmds.sty
Package: etexcmds 2019/12/15 v1.7 Avoid name clashes with e-TeX commands (HO)
)
(e:/Program Files/texlive/2025/texmf-dist/tex/latex/auxhook/auxhook.sty
Package: auxhook 2019-12-17 v1.6 Hooks for auxiliary files (HO)
)
Package zref Info: New property list: main on input line 767.
Package zref Info: New property: default on input line 768.
Package zref Info: New property: page on input line 769.
)
\c@abspage=\count356
Package zref Info: New property: abspage on input line 67.
)
\@bidi@copyins@=\insert252
\bidi@typesethour=\count357
\bidi@typesetminute=\count358

(e:/Program Files/texlive/2025/texmf-dist/tex/xelatex/bidi/latex-xetex-bidi.def
File: latex-xetex-bidi.def 2025/01/03 v1.5.2 bidi adaptations for `latex.ltx' f
or XeTeX engine
\bidi@n@everypar=\toks34
LaTeX Info: Redefining \centerline on input line 316.
LaTeX Info: Redefining \leftline on input line 325.
LaTeX Info: Redefining \rightline on input line 326.
LaTeX Info: Redefining \underline on input line 334.
\bidi@column@check@number=\count359

(e:/Program Files/texlive/2025/texmf-dist/tex/xelatex/bidi/footnote-xetex-bidi.
def
File: footnote-xetex-bidi.def 2024/12/14 v1.3 bidi footnote macros for XeTeX en
gine
\c@footdir@label=\count360
\footdir@toks=\toks35
)
(e:/Program Files/texlive/2025/texmf-dist/tex/xelatex/bidi/article-xetex-bidi.d
ef
File: article-xetex-bidi.def 2025/01/05 v0.9 bidi adaptations for standard arti
cle class for XeTeX engine
)
(e:/Program Files/texlive/2025/texmf-dist/tex/xelatex/bidi/amsmath-xetex-bidi.d
ef
File: amsmath-xetex-bidi.def 2020/05/16 v1.2 bidi adaptations for amsmath packa
ge for XeTeX engine
)
(e:/Program Files/texlive/2025/texmf-dist/tex/xelatex/bidi/amstext-xetex-bidi.d
ef
File: amstext-xetex-bidi.def 2016/09/12 v0.2 bidi adaptations for amstext packa
ge for XeTeX engine
)
(e:/Program Files/texlive/2025/texmf-dist/tex/xelatex/bidi/color-xetex-bidi.def
File: color-xetex-bidi.def 2013/04/08 v0.2 bidi adaptations for color package f
or XeTeX engine
LaTeX Info: Redefining \color on input line 49.
)
(e:/Program Files/texlive/2025/texmf-dist/tex/xelatex/bidi/float-xetex-bidi.def
File: float-xetex-bidi.def 2013/04/04 v0.2 bidi adaptations for float package f
or XeTeX engine
)
(e:/Program Files/texlive/2025/texmf-dist/tex/xelatex/bidi/geometry-xetex-bidi.
def
File: geometry-xetex-bidi.def 2017/01/14 v0.2 bidi adaptations for geometry pac
kage for XeTeX engine
)
(e:/Program Files/texlive/2025/texmf-dist/tex/xelatex/bidi/graphicx-xetex-bidi.
def
File: graphicx-xetex-bidi.def 2017/06/17 v0.5 bidi adaptations for graphicx pac
kage for XeTeX engine
)
(e:/Program Files/texlive/2025/texmf-dist/tex/xelatex/bidi/hyperref-xetex-bidi.
def
File: hyperref-xetex-bidi.def 2025/01/05 v1.4 bidi adaptations for hyperref pac
kage for XeTeX engine
)
(e:/Program Files/texlive/2025/texmf-dist/tex/xelatex/bidi/xcolor-xetex-bidi.de
f
File: xcolor-xetex-bidi.def 2022/06/13 v0.3 bidi adaptations for xcolor package
 for XeTeX engine
LaTeX Info: Redefining \color on input line 48.
LaTeX Info: Redefining \bidicolor on input line 91.
))
\bidi@digits=\count361
\bidi@digits@charclass=\XeTeXcharclass1
\bidi@sepmark@charclass=\XeTeXcharclass2
)
\xepersian@tcl=\count362
\xepersian@ilg=\dimen181
\xepersian@strutilg=\dimen182

(e:/Program Files/texlive/2025/texmf-dist/tex/xelatex/xepersian/footnote-xetex-
bidi-xetex-xepersian.def
File: footnote-xetex-bidi-xetex-xepersian.def 2017/08/09 v0.6 xepersian adaptat
ions for footnotes for XeTeX engine
)
(e:/Program Files/texlive/2025/texmf-dist/tex/xelatex/xepersian/article-xetex-x
epersian.def
File: article-xetex-xepersian.def 2010/07/25 v0.2 xepersian adaptations for sta
ndard article class for XeTeX engine
)
(e:/Program Files/texlive/2025/texmf-dist/tex/xelatex/xepersian/hyperref-xetex-
xepersian.def
File: hyperref-xetex-xepersian.def 2022/10/30 v0.8 xepersian adaptations for hy
perref package for XeTeX engine
)
(e:/Program Files/texlive/2025/texmf-dist/tex/xelatex/xepersian/url-xetex-xeper
sian.def
File: url-xetex-xepersian.def 2022/02/18 v0.1 xepersian adaptations for url pac
kage for XeTeX engine
)
\xepersian@toks=\toks36
)

Package fontspec Info: 
(fontspec)             Font family 'lmroman10-regular(0)' created for font
(fontspec)             'lmroman10-regular' with options
(fontspec)             [Ligatures=TeX,Path,BoldFont={lmroman10-bold},BoldItalic
Font={lmroman10-bolditalic},ItalicFont={lmroman10-italic},SmallCapsFont={lmroma
ncaps10-regular},SlantedFont={lmromanslant10-regular},BoldSlantedFont={lmromans
lant10-bold}].
(fontspec)              
(fontspec)              This font family consists of the following NFSS
(fontspec)             series/shapes:
(fontspec)              
(fontspec)             - 'normal' (m/n) with NFSS spec.:
(fontspec)             <->"[lmroman10-regular]/OT:script=latn;language=dflt;map
ping=tex-text;"
(fontspec)             - 'small caps'  (m/sc) with NFSS spec.:
(fontspec)             <->"[lmromancaps10-regular]/OT:script=latn;language=dflt
;mapping=tex-text;"
(fontspec)             - 'bold' (b/n) with NFSS spec.:
(fontspec)             <->"[lmroman10-bold]/OT:script=latn;language=dflt;mappin
g=tex-text;"
(fontspec)             - 'bold small caps'  (b/sc) with NFSS spec.:
(fontspec)             <->"[lmromancaps10-regular]/OT:script=latn;language=dflt
;mapping=tex-text;"
(fontspec)             - 'italic' (m/it) with NFSS spec.:
(fontspec)             <->"[lmroman10-italic]/OT:script=latn;language=dflt;mapp
ing=tex-text;"
(fontspec)             - 'italic small caps'  (m/scit) with NFSS spec.:
(fontspec)             <->"[lmromancaps10-regular]/OT:script=latn;language=dflt
;mapping=tex-text;"
(fontspec)             - 'slanted' (m/sl) with NFSS spec.:
(fontspec)             <->"[lmromanslant10-regular]/OT:script=latn;language=dfl
t;mapping=tex-text;"
(fontspec)             - 'slanted small caps'  (m/scsl) with NFSS spec.:
(fontspec)             <->"[lmromancaps10-regular]/OT:script=latn;language=dflt
;mapping=tex-text;"
(fontspec)             - 'bold italic' (b/it) with NFSS spec.:
(fontspec)             <->"[lmroman10-bolditalic]/OT:script=latn;language=dflt;
mapping=tex-text;"
(fontspec)             - 'bold italic small caps'  (b/scit) with NFSS spec.:
(fontspec)             <->"[lmromancaps10-regular]/OT:script=latn;language=dflt
;mapping=tex-text;"
(fontspec)             - 'bold slanted' (b/sl) with NFSS spec.:
(fontspec)             <->"[lmromanslant10-bold]/OT:script=latn;language=dflt;m
apping=tex-text;"
(fontspec)             - 'bold slanted small caps'  (b/scsl) with NFSS spec.:
(fontspec)             <->"[lmromancaps10-regular]/OT:script=latn;language=dflt
;mapping=tex-text;"


Package fontspec Info: 
(fontspec)             Font family 'B-NAZANIN.TTF(0)' created for font
(fontspec)             'B-NAZANIN.TTF' with options
(fontspec)             [RawFeature={script=arab},Ligatures=PersianTeX].
(fontspec)              
(fontspec)              This font family consists of the following NFSS
(fontspec)             series/shapes:
(fontspec)              
(fontspec)             - 'normal' (m/n) with NFSS spec.:
(fontspec)             <->"[B-NAZANIN.TTF]/OT:language=dflt;script=arab;mapping
=persian-tex-text;"


Package fontspec Info: 
(fontspec)             Times New Roman scale = 0.85.


Package fontspec Info: 
(fontspec)             Times New Roman scale = 0.85.


Package fontspec Info: 
(fontspec)             Times New Roman scale = 0.85.


Package fontspec Info: 
(fontspec)             Times New Roman/B scale = 0.85.


Package fontspec Info: 
(fontspec)             Times New Roman/B scale = 0.85.


Package fontspec Info: 
(fontspec)             Times New Roman/I scale = 0.85.


Package fontspec Info: 
(fontspec)             Times New Roman/I scale = 0.85.


Package fontspec Info: 
(fontspec)             Times New Roman/BI scale = 0.85.


Package fontspec Info: 
(fontspec)             Times New Roman/BI scale = 0.85.


Package fontspec Info: 
(fontspec)             Font family 'TimesNewRoman(0)' created for font 'Times
(fontspec)             New Roman' with options [Ligatures=TeX,Scale=0.85].
(fontspec)              
(fontspec)              This font family consists of the following NFSS
(fontspec)             series/shapes:
(fontspec)              
(fontspec)             - 'normal' (m/n) with NFSS spec.: <->s*[0.85]"Times New
(fontspec)             Roman/OT:script=latn;language=dflt;mapping=tex-text;"
(fontspec)             - 'small caps'  (m/sc) with NFSS spec.:
(fontspec)             <->s*[0.85]"Times New
(fontspec)             Roman/OT:script=latn;language=dflt;+smcp;mapping=tex-tex
t;"
(fontspec)             - 'bold' (b/n) with NFSS spec.: <->s*[0.85]"Times New
(fontspec)             Roman/B/OT:script=latn;language=dflt;mapping=tex-text;"
(fontspec)             - 'bold small caps'  (b/sc) with NFSS spec.:
(fontspec)             <->s*[0.85]"Times New
(fontspec)             Roman/B/OT:script=latn;language=dflt;+smcp;mapping=tex-t
ext;"
(fontspec)             - 'italic' (m/it) with NFSS spec.: <->s*[0.85]"Times
(fontspec)             New
(fontspec)             Roman/I/OT:script=latn;language=dflt;mapping=tex-text;"
(fontspec)             - 'italic small caps'  (m/scit) with NFSS spec.:
(fontspec)             <->s*[0.85]"Times New
(fontspec)             Roman/I/OT:script=latn;language=dflt;+smcp;mapping=tex-t
ext;"
(fontspec)             - 'bold italic' (b/it) with NFSS spec.:
(fontspec)             <->s*[0.85]"Times New
(fontspec)             Roman/BI/OT:script=latn;language=dflt;mapping=tex-text;"

(fontspec)             - 'bold italic small caps'  (b/scit) with NFSS spec.:
(fontspec)             <->s*[0.85]"Times New
(fontspec)             Roman/BI/OT:script=latn;language=dflt;+smcp;mapping=tex-
text;"

LaTeX Info: Redefining \latinfont on input line 14.

(e:/Program Files/texlive/2025/texmf-dist/tex/xelatex/bidi/float-xetex-bidi.def
File: float-xetex-bidi.def 2013/04/04 v0.2 bidi adaptations for float package f
or XeTeX engine
) (./ICP.aux)
\openout1 = `ICP.aux'.

LaTeX Font Info:    Checking defaults for OML/cmm/m/it on input line 22.
LaTeX Font Info:    ... okay on input line 22.
LaTeX Font Info:    Checking defaults for OMS/cmsy/m/n on input line 22.
LaTeX Font Info:    ... okay on input line 22.
LaTeX Font Info:    Checking defaults for OT1/cmr/m/n on input line 22.
LaTeX Font Info:    ... okay on input line 22.
LaTeX Font Info:    Checking defaults for T1/cmr/m/n on input line 22.
LaTeX Font Info:    ... okay on input line 22.
LaTeX Font Info:    Checking defaults for TS1/cmr/m/n on input line 22.
LaTeX Font Info:    ... okay on input line 22.
LaTeX Font Info:    Checking defaults for TU/lmr/m/n on input line 22.
LaTeX Font Info:    ... okay on input line 22.
LaTeX Font Info:    Checking defaults for OMX/cmex/m/n on input line 22.
LaTeX Font Info:    ... okay on input line 22.
LaTeX Font Info:    Checking defaults for U/cmr/m/n on input line 22.
LaTeX Font Info:    ... okay on input line 22.
LaTeX Font Info:    Checking defaults for PD1/pdf/m/n on input line 22.
LaTeX Font Info:    ... okay on input line 22.
LaTeX Font Info:    Checking defaults for PU/pdf/m/n on input line 22.
LaTeX Font Info:    ... okay on input line 22.

*geometry* driver: auto-detecting
*geometry* detected driver: xetex
*geometry* verbose mode - [ preamble ] result:
* driver: xetex
* paper: a4paper
* layout: <same size as paper>
* layoutoffset:(h,v)=(0.0pt,0.0pt)
* modes: 
* h-part:(L,W,R)=(89.62709pt, 418.25368pt, 89.6271pt)
* v-part:(T,H,B)=(101.40665pt, 591.5302pt, 152.11pt)
* \paperwidth=597.50787pt
* \paperheight=845.04684pt
* \textwidth=418.25368pt
* \textheight=591.5302pt
* \oddsidemargin=17.3571pt
* \evensidemargin=17.3571pt
* \topmargin=-7.86334pt
* \headheight=12.0pt
* \headsep=25.0pt
* \topskip=12.0pt
* \footskip=30.0pt
* \marginparwidth=35.0pt
* \marginparsep=10.0pt
* \columnsep=10.0pt
* \skip\footins=10.8pt plus 4.0pt minus 2.0pt
* \hoffset=0.0pt
* \voffset=0.0pt
* \mag=1000
* \@twocolumnfalse
* \@twosidefalse
* \@mparswitchfalse
* \@reversemarginfalse
* (1in=72.27pt=25.4mm, 1cm=28.453pt)

Package hyperref Info: Link coloring OFF on input line 22.
(./ICP.out) (./ICP.out)
\@outlinefile=\write3
\openout3 = `ICP.out'.

LaTeX Font Info:    Font shape `TU/TimesNewRoman(0)/m/n' will be
(Font)              scaled to size 17.62912pt on input line 24.
LaTeX Font Info:    Trying to load font information for U+msa on input line 24.


(e:/Program Files/texlive/2025/texmf-dist/tex/latex/amsfonts/umsa.fd
File: umsa.fd 2013/01/14 v3.01 AMS symbols A
)
LaTeX Font Info:    Trying to load font information for U+msb on input line 24.


(e:/Program Files/texlive/2025/texmf-dist/tex/latex/amsfonts/umsb.fd
File: umsb.fd 2013/01/14 v3.01 AMS symbols B
)

LaTeX Font Warning: Font shape `TU/B-NAZANIN.TTF(0)/b/n' undefined
(Font)              using `TU/B-NAZANIN.TTF(0)/m/n' instead on input line 25.

LaTeX Font Info:    Font shape `TU/TimesNewRoman(0)/m/n' will be
(Font)              scaled to size 10.20007pt on input line 26.


[1

]
LaTeX Font Info:    Font shape `TU/TimesNewRoman(0)/b/n' will be
(Font)              scaled to size 10.20007pt on input line 40.


[2]
LaTeX Font Info:    Font shape `TU/TimesNewRoman(0)/b/n' will be
(Font)              scaled to size 12.24008pt on input line 65.


[3]
LaTeX Font Info:    Font shape `TU/TimesNewRoman(0)/b/n' will be
(Font)              scaled to size 14.6881pt on input line 87.
File: images/image_773d20.jpg Graphic file (type bmp)
<images/image_773d20.jpg>
File: images/image_773d24.jpg Graphic file (type bmp)
<images/image_773d24.jpg>


[4]

[5]
Overfull \hbox (0.54732pt too wide) in paragraph at lines 158--160
[][]\TU/B-NAZANIN.TTF(0)/b/n/12 بهترین پارامترها: $[] \OT1/cmr/m/n/12 = 0\OML/c
mm/m/it/12 :\OT1/cmr/m/n/12 1\OML/cmm/m/it/12 ;  [] \OT1/cmr/m/n/12 = 3\OML/cmm
/m/it/12 :\OT1/cmr/m/n/12 0\OML/cmm/m/it/12 ;  [] \OT1/cmr/m/n/12 = 500\OML/cmm
/m/it/12 ;  [] \OT1/cmr/m/n/12 =$[]
 []



[6]
File: images/image_764c29.png Graphic file (type bmp)
<images/image_764c29.png>


[7]
Overfull \hbox (1.9023pt too wide) in paragraph at lines 223--223
[][]  \TU/lmtt/m/n/12 [[ 9.83930428e-01  9.81834433e-02  1.49133916e-01  2.5773
9203e+00][] []
 []


Overfull \hbox (1.98627pt too wide) in paragraph at lines 223--223
[][]  \TU/lmtt/m/n/12 [ 0.00000000e+00  0.00000000e+00  0.00000000e+00  1.00000
000e+00]][] []
 []

File: images/image_763e39.png Graphic file (type bmp)
<images/image_763e39.png>


[8]

[9]
Missing character: There is no T (U+0054) in font [B-NAZANIN.TTF]/OT:language=d
flt;script=arab;mapping=persian-tex-text;!
Missing character: There is no T (U+0054) in font [B-NAZANIN.TTF]/OT:language=d
flt;script=arab;mapping=persian-tex-text;!
Missing character: There is no T (U+0054) in font [B-NAZANIN.TTF]/OT:language=d
flt;script=arab;mapping=persian-tex-text;!
Missing character: There is no T (U+0054) in font [B-NAZANIN.TTF]/OT:language=d
flt;script=arab;mapping=persian-tex-text;!
Missing character: There is no h (U+0068) in font [B-NAZANIN.TTF]/OT:language=d
flt;script=arab;mapping=persian-tex-text;!
Missing character: There is no o (U+006F) in font [B-NAZANIN.TTF]/OT:language=d
flt;script=arab;mapping=persian-tex-text;!
Missing character: There is no m (U+006D) in font [B-NAZANIN.TTF]/OT:language=d
flt;script=arab;mapping=persian-tex-text;!
Missing character: There is no h (U+0068) in font [B-NAZANIN.TTF]/OT:language=d
flt;script=arab;mapping=persian-tex-text;!
Missing character: There is no o (U+006F) in font [B-NAZANIN.TTF]/OT:language=d
flt;script=arab;mapping=persian-tex-text;!
Missing character: There is no m (U+006D) in font [B-NAZANIN.TTF]/OT:language=d
flt;script=arab;mapping=persian-tex-text;!
Missing character: There is no h (U+0068) in font [B-NAZANIN.TTF]/OT:language=d
flt;script=arab;mapping=persian-tex-text;!
Missing character: There is no o (U+006F) in font [B-NAZANIN.TTF]/OT:language=d
flt;script=arab;mapping=persian-tex-text;!
Missing character: There is no m (U+006D) in font [B-NAZANIN.TTF]/OT:language=d
flt;script=arab;mapping=persian-tex-text;!
Missing character: There is no h (U+0068) in font [B-NAZANIN.TTF]/OT:language=d
flt;script=arab;mapping=persian-tex-text;!
Missing character: There is no o (U+006F) in font [B-NAZANIN.TTF]/OT:language=d
flt;script=arab;mapping=persian-tex-text;!
Missing character: There is no m (U+006D) in font [B-NAZANIN.TTF]/OT:language=d
flt;script=arab;mapping=persian-tex-text;!
Missing character: There is no T (U+0054) in font [B-NAZANIN.TTF]/OT:language=d
flt;script=arab;mapping=persian-tex-text;!
Missing character: There is no T (U+0054) in font [B-NAZANIN.TTF]/OT:language=d
flt;script=arab;mapping=persian-tex-text;!
Missing character: There is no T (U+0054) in font [B-NAZANIN.TTF]/OT:language=d
flt;script=arab;mapping=persian-tex-text;!
Missing character: There is no T (U+0054) in font [B-NAZANIN.TTF]/OT:language=d
flt;script=arab;mapping=persian-tex-text;!


[10]
Overfull \hbox (137.9462pt too wide) in paragraph at lines 362--362
[][]  \TU/lmtt/m/n/12 Manually applies a 4x4 rigid transformation matrix to an 
Open3D point cloud using NumPy.[] []
 []


Overfull \hbox (69.96626pt too wide) in paragraph at lines 362--362
[][]  \TU/lmtt/m/n/12 transformed_points_homogeneous = transformation_matrix @ 
points_homogeneous.T[] []
 []


Overfull \hbox (45.24626pt too wide) in paragraph at lines 362--362
[][]  \TU/lmtt/m/n/12 # 4. Transpose back to Nx4 and drop the homogeneous coord
inate to get Nx3[] []
 []


Overfull \hbox (32.88629pt too wide) in paragraph at lines 362--362
[][]  \TU/lmtt/m/n/12 pcd_transformed.points = o3d.utility.Vector3dVector(trans
formed_points)[] []
 []


Overfull \hbox (26.70625pt too wide) in paragraph at lines 362--362
[][]  \TU/lmtt/m/n/12 rotation_matrix = transformation_matrix[:3, :3] # Extract
 3x3 rotation[] []
 []


Overfull \hbox (45.24628pt too wide) in paragraph at lines 362--362
[][]  \TU/lmtt/m/n/12 pcd_transformed.normals = o3d.utility.Vector3dVector(tran
sformed_normals)[] []
 []


Overfull \hbox (26.70624pt too wide) in paragraph at lines 362--362
[][]  \TU/lmtt/m/n/12 Manually concatenates two point clouds by stacking their 
NumPy arrays.[] []
 []



[11]
Overfull \hbox (156.48627pt too wide) in paragraph at lines 362--362
[][]  \TU/lmtt/m/n/12 def draw_registration_result(source, target, transformati
on, name_of_file="aligned_cloud"):[] []
 []


Overfull \hbox (32.88628pt too wide) in paragraph at lines 362--362
[][]  \TU/lmtt/m/n/12 source_temp = manual_transform_point_cloud(source_temp, t
ransformation)[] []
 []


Overfull \hbox (1.98628pt too wide) in paragraph at lines 362--362
[][]  \TU/lmtt/m/n/12 merged_cloud = manual_merge_point_clouds(source_temp, tar
get_temp)[] []
 []


Overfull \hbox (106.98627pt too wide) in paragraph at lines 362--362
[][]  \TU/lmtt/m/n/12 cloud_1 = "./sampled_clouds_for_icp/001_cloud_1683269379_
452476000_icp_sampled.pcd"[] []
 []


Overfull \hbox (107.01028pt too wide) in paragraph at lines 362--362
[][]  \TU/lmtt/m/n/12 cloud_2 = "./sampled_clouds_for_icp/002_cloud_1683269381_
551481000_icp_sampled.pcd"[] []
 []


Overfull \hbox (212.10628pt too wide) in paragraph at lines 362--362
[][]  \TU/lmtt/m/n/12 source_down.estimate_normals(o3d.geometry.KDTreeSearchPar
amHybrid(radius=voxel_size * 2, max_nn=30))[] []
 []


Overfull \hbox (212.10628pt too wide) in paragraph at lines 362--362
[][]  \TU/lmtt/m/n/12 target_down.estimate_normals(o3d.geometry.KDTreeSearchPar
amHybrid(radius=voxel_size * 2, max_nn=30))[] []
 []


Overfull \hbox (20.52628pt too wide) in paragraph at lines 362--362
[][]  \TU/lmtt/m/n/12 print("Visualizing Before Alignment (Source=Yellow, Targe
t=Blue)...")[] []
 []


Overfull \hbox (199.74626pt too wide) in paragraph at lines 362--362
[][]  \TU/lmtt/m/n/12 draw_registration_result(source_down, target_down, initia
l_guess, name_of_file="before_alignment")[] []
 []



[12]
File: images/manual_draw_task1-a.jpg Graphic file (type bmp)
<images/manual_draw_task1-a.jpg>
File: images/manual_draw_task1-b.jpg Graphic file (type bmp)
<images/manual_draw_task1-b.jpg>


[13]
File: images/manual_draw_task1-c.jpg Graphic file (type bmp)
<images/manual_draw_task1-c.jpg>


[14]

[15]
Overfull \hbox (26.58447pt too wide) in paragraph at lines 410--411
[][]\TU/B-NAZANIN.TTF(0)/b/n/12 ذخیره‌سازی و نمایش : در نهایت، نقشه یکپارچه کاه
ش‌یافته در یک فایل جدید به نام []\TU/TimesNewRoman(0)/m/n/12 task2_accumulated_
map.pcd[][]
 []

File: images/image_6a73f5.jpg Graphic file (type bmp)
<images/image_6a73f5.jpg>


[16]

[17]

[18] (./ICP.aux)
 ***********
LaTeX2e <2024-11-01> patch level 2
L3 programming layer <2025-01-18>
 ***********


LaTeX Font Warning: Some font shapes were not available, defaults substituted.


Package rerunfilecheck Warning: File `ICP.out' has changed.
(rerunfilecheck)                Rerun to get outlines right
(rerunfilecheck)                or use package `bookmark'.

Package rerunfilecheck Info: Checksums for `ICP.out':
(rerunfilecheck)             Before: BF6FC2E2016354481685D80124677F7E;5160
(rerunfilecheck)             After:  079CD83EEC680AA7BF9C66E8B026DDA9;5021.
 ) 
Here is how much of TeX's memory you used:
 15692 strings out of 473832
 329758 string characters out of 5726732
 765497 words of memory out of 5000000
 38479 multiletter control sequences out of 15000+600000
 566769 words of font info for 107 fonts, out of 8000000 for 9000
 1348 hyphenation exceptions out of 8191
 94i,9n,107p,1180b,554s stack positions out of 10000i,1000n,20000p,200000b,200000s

Output written on ICP.pdf (18 pages).
